\BOOKMARK [0][-]{Doc-Start}{\376\377\000C\000e\000r\000t\000i\000f\000i\000c\000a\000t\000e}{}% 1
\BOOKMARK [0][-]{Doc-Start}{\376\377\000D\000e\000c\000l\000a\000r\000a\000t\000i\000o\000n}{}% 2
\BOOKMARK [0][-]{chapter*.1}{\376\377\000A\000c\000k\000n\000o\000w\000l\000e\000d\000g\000m\000e\000n\000t}{}% 3
\BOOKMARK [0][-]{chapter*.2}{\376\377\000A\000b\000s\000t\000r\000a\000c\000t}{}% 4
\BOOKMARK [0][-]{chapter*.6}{\376\377\000L\000i\000s\000t\000\040\000o\000f\000\040\000A\000b\000b\000r\000e\000v\000i\000a\000t\000i\000o\000n\000s}{}% 5
\BOOKMARK [0][-]{chapter.1}{\376\377\000I\000n\000t\000r\000o\000d\000u\000c\000t\000i\000o\000n}{}% 6
\BOOKMARK [0][-]{chapter.2}{\376\377\000I\000n\000d\000u\000s\000t\000r\000y\000\040\000P\000r\000o\000f\000i\000l\000e}{}% 7
\BOOKMARK [1][-]{section.2.1}{\376\377\000T\000h\000e\000\040\000C\000u\000r\000r\000e\000n\000t\000\040\000S\000t\000a\000t\000e\000\040\000o\000f\000\040\000E\000n\000t\000e\000r\000p\000r\000i\000s\000e\000\040\000S\000I\000E\000M\000s}{chapter.2}% 8
\BOOKMARK [1][-]{section.2.2}{\376\377\000T\000h\000e\000\040\000R\000i\000s\000e\000\040\000o\000f\000\040\000S\000O\000A\000R\000\040\000P\000l\000a\000t\000f\000o\000r\000m\000s}{chapter.2}% 9
\BOOKMARK [1][-]{section.2.3}{\376\377\000T\000h\000e\000\040\000S\000h\000i\000f\000t\000\040\000T\000o\000w\000a\000r\000d\000\040\000E\000d\000g\000e\000\040\000C\000o\000m\000p\000u\000t\000i\000n\000g\000\040\000a\000n\000d\000\040\000M\000L}{chapter.2}% 10
\BOOKMARK [0][-]{chapter.3}{\376\377\000P\000r\000o\000j\000e\000c\000t\000\040\000O\000b\000j\000e\000c\000t\000i\000v\000e\000s\000\040\000\046\000\040\000S\000c\000o\000p\000e}{}% 11
\BOOKMARK [1][-]{section.3.1}{\376\377\000C\000o\000r\000e\000\040\000O\000b\000j\000e\000c\000t\000i\000v\000e\000s}{chapter.3}% 12
\BOOKMARK [1][-]{section.3.2}{\376\377\000P\000r\000o\000j\000e\000c\000t\000\040\000S\000c\000o\000p\000e\000\040\000a\000n\000d\000\040\000H\000a\000r\000d\000w\000a\000r\000e\000\040\000A\000r\000c\000h\000i\000t\000e\000c\000t\000u\000r\000e}{chapter.3}% 13
\BOOKMARK [2][-]{subsection.3.2.1}{\376\377\000H\000a\000r\000d\000w\000a\000r\000e\000\040\000a\000n\000d\000\040\000V\000i\000r\000t\000u\000a\000l\000i\000z\000a\000t\000i\000o\000n\000\040\000E\000n\000v\000i\000r\000o\000n\000m\000e\000n\000t}{section.3.2}% 14
\BOOKMARK [2][-]{subsection.3.2.2}{\376\377\000S\000o\000f\000t\000w\000a\000r\000e\000\040\000a\000n\000d\000\040\000T\000o\000o\000l\000i\000n\000g\000\040\000S\000c\000o\000p\000e}{section.3.2}% 15
\BOOKMARK [0][-]{chapter.4}{\376\377\000L\000i\000t\000e\000r\000a\000t\000u\000r\000e\000\040\000R\000e\000v\000i\000e\000w}{}% 16
\BOOKMARK [1][-]{section.4.1}{\376\377\000C\000o\000m\000p\000a\000r\000a\000t\000i\000v\000e\000\040\000A\000n\000a\000l\000y\000s\000i\000s\000\040\000o\000f\000\040\000E\000x\000i\000s\000t\000i\000n\000g\000\040\000L\000i\000t\000e\000r\000a\000t\000u\000r\000e}{chapter.4}% 17
\BOOKMARK [0][-]{chapter.5}{\376\377\000S\000y\000s\000t\000e\000m\000\040\000A\000r\000c\000h\000i\000t\000e\000c\000t\000u\000r\000e}{}% 18
\BOOKMARK [1][-]{section.5.1}{\376\377\000A\000r\000c\000h\000i\000t\000e\000c\000t\000u\000r\000a\000l\000\040\000D\000e\000s\000i\000g\000n\000\040\000P\000r\000i\000n\000c\000i\000p\000l\000e\000s}{chapter.5}% 19
\BOOKMARK [1][-]{section.5.2}{\376\377\000L\000a\000y\000e\000r\000e\000d\000\040\000A\000r\000c\000h\000i\000t\000e\000c\000t\000u\000r\000e\000\040\000M\000o\000d\000e\000l}{chapter.5}% 20
\BOOKMARK [1][-]{section.5.3}{\376\377\000D\000a\000t\000a\000\040\000C\000o\000l\000l\000e\000c\000t\000i\000o\000n\000\040\000L\000a\000y\000e\000r}{chapter.5}% 21
\BOOKMARK [1][-]{section.5.4}{\376\377\000M\000a\000c\000h\000i\000n\000e\000\040\000L\000e\000a\000r\000n\000i\000n\000g\000\040\000A\000n\000a\000l\000y\000s\000i\000s\000\040\000L\000a\000y\000e\000r}{chapter.5}% 22
\BOOKMARK [1][-]{section.5.5}{\376\377\000S\000e\000c\000u\000r\000i\000t\000y\000\040\000M\000o\000n\000i\000t\000o\000r\000i\000n\000g\000\040\000L\000a\000y\000e\000r}{chapter.5}% 23
\BOOKMARK [1][-]{section.5.6}{\376\377\000A\000u\000t\000o\000m\000a\000t\000e\000d\000\040\000R\000e\000s\000p\000o\000n\000s\000e\000\040\000L\000a\000y\000e\000r}{chapter.5}% 24
\BOOKMARK [1][-]{section.5.7}{\376\377\000L\000a\000y\000e\000r\000\040\0003\000\040\000M\000i\000t\000i\000g\000a\000t\000i\000o\000n\000\040\000R\000o\000u\000t\000i\000n\000g\000\040\000\050\000i\000p\000t\000a\000b\000l\000e\000s\000\051}{chapter.5}% 25
\BOOKMARK [0][-]{chapter.6}{\376\377\000S\000y\000s\000t\000e\000m\000\040\000A\000n\000a\000l\000y\000s\000i\000s\000\040\000\046\000\040\000S\000p\000e\000c\000i\000f\000i\000c\000a\000t\000i\000o\000n\000s}{}% 26
\BOOKMARK [1][-]{section.6.1}{\376\377\000A\000n\000a\000l\000y\000s\000i\000s\000\040\000o\000f\000\040\000E\000x\000i\000s\000t\000i\000n\000g\000\040\000S\000M\000E\000\040\000S\000e\000c\000u\000r\000i\000t\000y\000\040\000A\000r\000c\000h\000i\000t\000e\000c\000t\000u\000r\000e\000s}{chapter.6}% 27
\BOOKMARK [2][-]{subsection.6.1.1}{\376\377\000R\000e\000l\000i\000a\000n\000c\000e\000\040\000o\000n\000\040\000S\000t\000a\000t\000i\000c\000\040\000P\000e\000r\000i\000m\000e\000t\000e\000r\000\040\000D\000e\000f\000e\000n\000s\000e\000s}{section.6.1}% 28
\BOOKMARK [2][-]{subsection.6.1.2}{\376\377\000R\000e\000s\000o\000u\000r\000c\000e\000\040\000C\000o\000n\000s\000t\000r\000a\000i\000n\000t\000s\000\040\000a\000n\000d\000\040\000M\000o\000n\000o\000l\000i\000t\000h\000i\000c\000\040\000O\000v\000e\000r\000h\000e\000a\000d}{section.6.1}% 29
\BOOKMARK [2][-]{subsection.6.1.3}{\376\377\000T\000h\000e\000\040\000R\000e\000a\000c\000t\000i\000v\000e\000\040\000I\000n\000c\000i\000d\000e\000n\000t\000\040\000R\000e\000s\000p\000o\000n\000s\000e\000\040\000G\000a\000p}{section.6.1}% 30
\BOOKMARK [1][-]{section.6.2}{\376\377\000A\000d\000v\000a\000n\000t\000a\000g\000e\000s\000\040\000o\000f\000\040\000t\000h\000e\000\040\000P\000r\000o\000p\000o\000s\000e\000d\000\040\000A\000r\000c\000h\000i\000t\000e\000c\000t\000u\000r\000e}{chapter.6}% 31
\BOOKMARK [2][-]{subsection.6.2.1}{\376\377\000Z\000e\000r\000o\000-\000H\000u\000m\000a\000n\000-\000i\000n\000-\000t\000h\000e\000-\000L\000o\000o\000p\000\040\000M\000i\000t\000i\000g\000a\000t\000i\000o\000n}{section.6.2}% 32
\BOOKMARK [2][-]{subsection.6.2.2}{\376\377\000A\000l\000g\000o\000r\000i\000t\000h\000m\000i\000c\000\040\000a\000n\000d\000\040\000R\000e\000s\000o\000u\000r\000c\000e\000\040\000E\000f\000f\000i\000c\000i\000e\000n\000c\000y}{section.6.2}% 33
\BOOKMARK [2][-]{subsection.6.2.3}{\376\377\000D\000y\000n\000a\000m\000i\000c\000\040\000B\000e\000h\000a\000v\000i\000o\000r\000a\000l\000\040\000B\000a\000s\000e\000l\000i\000n\000i\000n\000g}{section.6.2}% 34
\BOOKMARK [1][-]{section.6.3}{\376\377\000F\000e\000a\000s\000i\000b\000i\000l\000i\000t\000y\000\040\000S\000t\000u\000d\000y}{chapter.6}% 35
\BOOKMARK [2][-]{subsection.6.3.1}{\376\377\000T\000e\000c\000h\000n\000i\000c\000a\000l\000\040\000F\000e\000a\000s\000i\000b\000i\000l\000i\000t\000y}{section.6.3}% 36
\BOOKMARK [2][-]{subsection.6.3.2}{\376\377\000O\000p\000e\000r\000a\000t\000i\000o\000n\000a\000l\000\040\000F\000e\000a\000s\000i\000b\000i\000l\000i\000t\000y}{section.6.3}% 37
\BOOKMARK [2][-]{subsection.6.3.3}{\376\377\000E\000c\000o\000n\000o\000m\000i\000c\000\040\000F\000e\000a\000s\000i\000b\000i\000l\000i\000t\000y\000\040\000a\000n\000d\000\040\000C\000o\000s\000t\000-\000B\000e\000n\000e\000f\000i\000t\000\040\000A\000n\000a\000l\000y\000s\000i\000s\000\040\000\050\000C\000B\000A\000\051}{section.6.3}% 38
\BOOKMARK [1][-]{section.6.4}{\376\377\000R\000e\000q\000u\000i\000r\000e\000m\000e\000n\000t\000\040\000S\000p\000e\000c\000i\000f\000i\000c\000a\000t\000i\000o\000n\000s}{chapter.6}% 39
\BOOKMARK [2][-]{subsection.6.4.1}{\376\377\000H\000a\000r\000d\000w\000a\000r\000e\000\040\000R\000e\000q\000u\000i\000r\000e\000m\000e\000n\000t\000s\000\040\000\050\000E\000d\000g\000e\000\040\000S\000i\000m\000u\000l\000a\000t\000i\000o\000n\000\051}{section.6.4}% 40
\BOOKMARK [2][-]{subsection.6.4.2}{\376\377\000S\000o\000f\000t\000w\000a\000r\000e\000\040\000R\000e\000q\000u\000i\000r\000e\000m\000e\000n\000t\000s}{section.6.4}% 41
\BOOKMARK [1][-]{section.6.5}{\376\377\000T\000h\000r\000e\000a\000t\000\040\000M\000o\000d\000e\000l\000i\000n\000g\000\040\000\046\000\040\000A\000t\000t\000a\000c\000k\000\040\000S\000u\000r\000f\000a\000c\000e}{chapter.6}% 42
\BOOKMARK [2][-]{subsection.6.5.1}{\376\377\000T\000h\000e\000\040\000"\000L\000o\000w\000\040\000a\000n\000d\000\040\000S\000l\000o\000w\000"\000\040\000B\000r\000u\000t\000e\000\040\000F\000o\000r\000c\000e\000\040\000V\000e\000c\000t\000o\000r}{section.6.5}% 43
\BOOKMARK [2][-]{subsection.6.5.2}{\376\377\000V\000o\000l\000u\000m\000e\000t\000r\000i\000c\000\040\000A\000n\000o\000m\000a\000l\000i\000e\000s\000\040\000\050\000D\000D\000o\000S\000\040\000P\000r\000e\000c\000u\000r\000s\000o\000r\000s\000\051}{section.6.5}% 44
\BOOKMARK [2][-]{subsection.6.5.3}{\376\377\000D\000e\000f\000e\000n\000s\000e\000\040\000E\000v\000a\000s\000i\000o\000n\000:\000\040\000I\000n\000d\000i\000c\000a\000t\000o\000r\000\040\000R\000e\000m\000o\000v\000a\000l\000\040\000\050\000T\0001\0000\0007\0000\000\051}{section.6.5}% 45
\BOOKMARK [2][-]{subsection.6.5.4}{\376\377\000D\000i\000s\000c\000o\000v\000e\000r\000y\000:\000\040\000N\000e\000t\000w\000o\000r\000k\000\040\000S\000e\000r\000v\000i\000c\000e\000\040\000S\000c\000a\000n\000n\000i\000n\000g\000\040\000\050\000T\0001\0000\0004\0006\000\051}{section.6.5}% 46
\BOOKMARK [2][-]{subsection.6.5.5}{\376\377\000R\000i\000s\000k\000\040\000A\000s\000s\000e\000s\000s\000m\000e\000n\000t\000\040\000M\000a\000t\000r\000i\000x}{section.6.5}% 47
\BOOKMARK [1][-]{section.6.6}{\376\377\000M\000I\000T\000R\000E\000\040\000A\000T\000T\000\046\000C\000K\000\040\000F\000r\000a\000m\000e\000w\000o\000r\000k\000\040\000M\000a\000p\000p\000i\000n\000g}{chapter.6}% 48
\BOOKMARK [2][-]{subsection.6.6.1}{\376\377\000C\000r\000e\000d\000e\000n\000t\000i\000a\000l\000\040\000A\000c\000c\000e\000s\000s\000:\000\040\000B\000r\000u\000t\000e\000\040\000F\000o\000r\000c\000e\000\040\000\050\000T\0001\0001\0001\0000\000\051}{section.6.6}% 49
\BOOKMARK [2][-]{subsection.6.6.2}{\376\377\000I\000m\000p\000a\000c\000t\000:\000\040\000E\000n\000d\000p\000o\000i\000n\000t\000\040\000D\000e\000n\000i\000a\000l\000\040\000o\000f\000\040\000S\000e\000r\000v\000i\000c\000e\000\040\000\050\000T\0001\0004\0009\0009\000\051}{section.6.6}% 50
\BOOKMARK [1][-]{section.6.7}{\376\377\000L\000o\000g\000i\000c\000a\000l\000\040\000O\000r\000c\000h\000e\000s\000t\000r\000a\000t\000i\000o\000n\000\040\000W\000o\000r\000k\000f\000l\000o\000w}{chapter.6}% 51
\BOOKMARK [2][-]{subsection.6.7.1}{\376\377\000S\000o\000f\000t\000w\000a\000r\000e\000\040\000R\000e\000q\000u\000i\000r\000e\000m\000e\000n\000t\000s}{section.6.7}% 52
\BOOKMARK [1][-]{section.6.8}{\376\377\000T\000h\000r\000e\000a\000t\000\040\000M\000o\000d\000e\000l\000i\000n\000g\000\040\000\046\000\040\000A\000t\000t\000a\000c\000k\000\040\000S\000u\000r\000f\000a\000c\000e}{chapter.6}% 53
\BOOKMARK [2][-]{subsection.6.8.1}{\376\377\000T\000h\000e\000\040\000"\000L\000o\000w\000\040\000a\000n\000d\000\040\000S\000l\000o\000w\000"\000\040\000B\000r\000u\000t\000e\000\040\000F\000o\000r\000c\000e\000\040\000V\000e\000c\000t\000o\000r}{section.6.8}% 54
\BOOKMARK [2][-]{subsection.6.8.2}{\376\377\000V\000o\000l\000u\000m\000e\000t\000r\000i\000c\000\040\000A\000n\000o\000m\000a\000l\000i\000e\000s\000\040\000\050\000D\000D\000o\000S\000\040\000P\000r\000e\000c\000u\000r\000s\000o\000r\000s\000\051}{section.6.8}% 55
\BOOKMARK [1][-]{section.6.9}{\376\377\000L\000o\000g\000i\000c\000a\000l\000\040\000O\000r\000c\000h\000e\000s\000t\000r\000a\000t\000i\000o\000n\000\040\000W\000o\000r\000k\000f\000l\000o\000w}{chapter.6}% 56
\BOOKMARK [0][-]{chapter.7}{\376\377\000S\000y\000s\000t\000e\000m\000\040\000D\000e\000s\000i\000g\000n}{}% 57
\BOOKMARK [1][-]{section.7.1}{\376\377\000S\000y\000s\000t\000e\000m\000\040\000D\000a\000t\000a\000\040\000F\000l\000o\000w\000\040\000a\000n\000d\000\040\000A\000r\000c\000h\000i\000t\000e\000c\000t\000u\000r\000e\000\040\000D\000i\000a\000g\000r\000a\000m\000s}{chapter.7}% 58
\BOOKMARK [2][-]{subsection.7.1.1}{\376\377\000C\000o\000n\000t\000e\000x\000t\000\040\000a\000n\000d\000\040\000D\000a\000t\000a\000\040\000F\000l\000o\000w\000\040\000D\000i\000a\000g\000r\000a\000m\000s}{section.7.1}% 59
\BOOKMARK [1][-]{section.7.2}{\376\377\000T\000o\000p\000o\000g\000r\000a\000p\000h\000y\000\040\000a\000n\000d\000\040\000S\000t\000a\000c\000k\000\040\000A\000r\000c\000h\000i\000t\000e\000c\000t\000u\000r\000e}{chapter.7}% 60
\BOOKMARK [1][-]{section.7.3}{\376\377\000I\000n\000t\000e\000r\000n\000a\000l\000\040\000S\000I\000E\000M\000\040\000D\000a\000e\000m\000o\000n\000\040\000A\000r\000c\000h\000i\000t\000e\000c\000t\000u\000r\000e}{chapter.7}% 61
\BOOKMARK [1][-]{section.7.4}{\376\377\000P\000r\000o\000c\000e\000s\000s\000\040\000W\000o\000r\000k\000f\000l\000o\000w\000s\000\040\000a\000n\000d\000\040\000U\000s\000e\000\040\000C\000a\000s\000e\000s}{chapter.7}% 62
\BOOKMARK [1][-]{section.7.5}{\376\377\000U\000n\000i\000f\000i\000e\000d\000\040\000M\000o\000d\000e\000l\000i\000n\000g\000\040\000L\000a\000n\000g\000u\000a\000g\000e\000\040\000\050\000U\000M\000L\000\051\000\040\000S\000p\000e\000c\000i\000f\000i\000c\000a\000t\000i\000o\000n\000s}{chapter.7}% 63
\BOOKMARK [2][-]{subsection.7.5.1}{\376\377\000S\000y\000s\000t\000e\000m\000\040\000S\000e\000q\000u\000e\000n\000c\000e\000\040\000D\000i\000a\000g\000r\000a\000m\000\040\000E\000x\000e\000c\000u\000t\000i\000o\000n\000\040\000F\000l\000o\000w}{section.7.5}% 64
\BOOKMARK [2][-]{subsection.7.5.2}{\376\377\000O\000b\000j\000e\000c\000t\000-\000O\000r\000i\000e\000n\000t\000e\000d\000\040\000C\000l\000a\000s\000s\000\040\000D\000e\000s\000i\000g\000n\000\040\000\050\000P\000y\000t\000h\000o\000n\000\040\000E\000n\000g\000i\000n\000e\000\051}{section.7.5}% 65
\BOOKMARK [0][-]{chapter.8}{\376\377\000D\000a\000t\000a\000\040\000P\000r\000o\000c\000e\000s\000s\000i\000n\000g\000\040\000P\000i\000p\000e\000l\000i\000n\000e}{}% 66
\BOOKMARK [1][-]{section.8.1}{\376\377\000T\000e\000l\000e\000m\000e\000t\000r\000y\000\040\000I\000n\000g\000e\000s\000t\000i\000o\000n}{chapter.8}% 67
\BOOKMARK [1][-]{section.8.2}{\376\377\000F\000e\000a\000t\000u\000r\000e\000\040\000E\000n\000g\000i\000n\000e\000e\000r\000i\000n\000g}{chapter.8}% 68
\BOOKMARK [1][-]{section.8.3}{\376\377\000R\000e\000a\000l\000-\000T\000i\000m\000e\000\040\000M\000o\000d\000e\000l\000\040\000I\000n\000f\000e\000r\000e\000n\000c\000e}{chapter.8}% 69
\BOOKMARK [1][-]{section.8.4}{\376\377\000A\000l\000e\000r\000t\000\040\000G\000e\000n\000e\000r\000a\000t\000i\000o\000n}{chapter.8}% 70
\BOOKMARK [1][-]{section.8.5}{\376\377\000D\000a\000t\000a\000\040\000D\000i\000c\000t\000i\000o\000n\000a\000r\000y\000\040\000a\000n\000d\000\040\000S\000c\000h\000e\000m\000a\000\040\000D\000e\000f\000i\000n\000i\000t\000i\000o\000n\000s}{chapter.8}% 71
\BOOKMARK [2][-]{subsection.8.5.1}{\376\377\000A\000I\000\040\000E\000n\000g\000i\000n\000e\000\040\000J\000S\000O\000N\000\040\000O\000u\000t\000p\000u\000t\000\040\000S\000c\000h\000e\000m\000a}{section.8.5}% 72
\BOOKMARK [2][-]{subsection.8.5.2}{\376\377\000R\000a\000w\000\040\000D\000e\000c\000o\000d\000e\000d\000\040\000A\000l\000e\000r\000t\000\040\000S\000a\000m\000p\000l\000e}{section.8.5}% 73
\BOOKMARK [0][-]{chapter.9}{\376\377\000M\000e\000t\000h\000o\000d\000o\000l\000o\000g\000y\000\040\000\046\000\040\000I\000m\000p\000l\000e\000m\000e\000n\000t\000a\000t\000i\000o\000n}{}% 74
\BOOKMARK [1][-]{section.9.1}{\376\377\000D\000e\000v\000e\000l\000o\000p\000m\000e\000n\000t\000\040\000E\000n\000v\000i\000r\000o\000n\000m\000e\000n\000t}{chapter.9}% 75
\BOOKMARK [1][-]{section.9.2}{\376\377\000T\000o\000o\000l\000s\000\040\000a\000n\000d\000\040\000T\000e\000c\000h\000n\000o\000l\000o\000g\000i\000e\000s}{chapter.9}% 76
\BOOKMARK [1][-]{section.9.3}{\376\377\000D\000e\000v\000e\000l\000o\000p\000m\000e\000n\000t\000\040\000P\000h\000a\000s\000e\000s\000\040\000a\000n\000d\000\040\000W\000o\000r\000k\000f\000l\000o\000w}{chapter.9}% 77
\BOOKMARK [1][-]{section.9.4}{\376\377\000I\000s\000o\000l\000a\000t\000i\000o\000n\000\040\000F\000o\000r\000e\000s\000t\000\040\000A\000l\000g\000o\000r\000i\000t\000h\000m}{chapter.9}% 78
\BOOKMARK [2][-]{subsection.9.4.1}{\376\377\000A\000l\000g\000o\000r\000i\000t\000h\000m\000\040\000I\000n\000t\000u\000i\000t\000i\000o\000n}{section.9.4}% 79
\BOOKMARK [2][-]{subsection.9.4.2}{\376\377\000A\000l\000g\000o\000r\000i\000t\000h\000m\000\040\000P\000r\000i\000n\000c\000i\000p\000l\000e}{section.9.4}% 80
\BOOKMARK [2][-]{subsection.9.4.3}{\376\377\000A\000l\000g\000o\000r\000i\000t\000h\000m\000i\000c\000\040\000P\000s\000e\000u\000d\000o\000c\000o\000d\000e}{section.9.4}% 81
\BOOKMARK [2][-]{subsection.9.4.4}{\376\377\000M\000a\000t\000h\000e\000m\000a\000t\000i\000c\000a\000l\000\040\000R\000e\000p\000r\000e\000s\000e\000n\000t\000a\000t\000i\000o\000n\000\040\000a\000n\000d\000\040\000P\000a\000t\000h\000\040\000L\000e\000n\000g\000t\000h\000\040\000C\000a\000l\000c\000u\000l\000a\000t\000i\000o\000n}{section.9.4}% 82
\BOOKMARK [2][-]{subsection.9.4.5}{\376\377\000A\000d\000v\000a\000n\000t\000a\000g\000e\000s\000\040\000f\000o\000r\000\040\000C\000y\000b\000e\000r\000s\000e\000c\000u\000r\000i\000t\000y\000\040\000A\000p\000p\000l\000i\000c\000a\000t\000i\000o\000n\000s}{section.9.4}% 83
\BOOKMARK [1][-]{section.9.5}{\376\377\000I\000n\000f\000r\000a\000s\000t\000r\000u\000c\000t\000u\000r\000e\000\040\000P\000r\000o\000v\000i\000s\000i\000o\000n\000i\000n\000g\000:\000\040\000P\000r\000o\000x\000m\000o\000x\000\040\000a\000n\000d\000\040\000U\000b\000u\000n\000t\000u}{chapter.9}% 84
\BOOKMARK [2][-]{subsection.9.5.1}{\376\377\000H\000y\000p\000e\000r\000v\000i\000s\000o\000r\000\040\000R\000e\000s\000o\000u\000r\000c\000e\000\040\000A\000l\000l\000o\000c\000a\000t\000i\000o\000n\000\040\000M\000a\000t\000r\000i\000x}{section.9.5}% 85
\BOOKMARK [2][-]{subsection.9.5.2}{\376\377\000P\000r\000o\000x\000m\000o\000x\000\040\000N\000e\000t\000w\000o\000r\000k\000\040\000B\000r\000i\000d\000g\000i\000n\000g\000\040\000\050\000v\000m\000b\000r\0000\000\051}{section.9.5}% 86
\BOOKMARK [1][-]{section.9.6}{\376\377\000C\000o\000n\000t\000a\000i\000n\000e\000r\000i\000z\000a\000t\000i\000o\000n\000\040\000a\000n\000d\000\040\000t\000h\000e\000\040\000S\000I\000E\000M\000\040\000S\000t\000a\000c\000k}{chapter.9}% 87
\BOOKMARK [1][-]{section.9.7}{\376\377\000T\000h\000e\000\040\000A\000I\000\040\000E\000n\000g\000i\000n\000e\000:\000\040\000M\000a\000t\000h\000e\000m\000a\000t\000i\000c\000a\000l\000\040\000B\000a\000s\000e\000l\000i\000n\000i\000n\000g}{chapter.9}% 88
\BOOKMARK [1][-]{section.9.8}{\376\377\000C\000l\000o\000s\000i\000n\000g\000\040\000t\000h\000e\000\040\000L\000o\000o\000p\000:\000\040\000S\000y\000s\000l\000o\000g\000\040\000I\000n\000j\000e\000c\000t\000i\000o\000n\000\040\000a\000n\000d\000\040\000S\000O\000A\000R}{chapter.9}% 89
\BOOKMARK [1][-]{section.9.9}{\376\377\000A\000c\000t\000i\000v\000e\000\040\000R\000e\000s\000p\000o\000n\000s\000e\000\040\000M\000i\000t\000i\000g\000a\000t\000i\000o\000n\000\040\000S\000c\000r\000i\000p\000t\000\040\000\050\000f\000i\000r\000e\000w\000a\000l\000l\000-\000d\000r\000o\000p\000.\000s\000h\000\051}{chapter.9}% 90
\BOOKMARK [1][-]{section.9.10}{\376\377\000W\000a\000z\000u\000h\000\040\000R\000u\000l\000e\000\040\000\046\000\040\000D\000e\000c\000o\000d\000e\000r\000\040\000C\000o\000n\000f\000i\000g\000u\000r\000a\000t\000i\000o\000n}{chapter.9}% 91
\BOOKMARK [2][-]{subsection.9.10.1}{\376\377\000C\000u\000s\000t\000o\000m\000\040\000D\000e\000c\000o\000d\000e\000r\000\040\000\050\000l\000o\000c\000a\000l\000\137\000d\000e\000c\000o\000d\000e\000r\000.\000x\000m\000l\000\051}{section.9.10}% 92
\BOOKMARK [2][-]{subsection.9.10.2}{\376\377\000C\000u\000s\000t\000o\000m\000\040\000R\000u\000l\000e\000\040\000\050\000l\000o\000c\000a\000l\000\137\000r\000u\000l\000e\000s\000.\000x\000m\000l\000\051}{section.9.10}% 93
\BOOKMARK [2][-]{subsection.9.10.3}{\376\377\000A\000g\000e\000n\000t\000\040\000L\000o\000g\000\040\000I\000n\000g\000e\000s\000t\000i\000o\000n\000\040\000C\000o\000n\000f\000i\000g\000u\000r\000a\000t\000i\000o\000n\000\040\000\050\000o\000s\000s\000e\000c\000.\000c\000o\000n\000f\000\051}{section.9.10}% 94
\BOOKMARK [1][-]{section.9.11}{\376\377\000E\000n\000d\000p\000o\000i\000n\000t\000\040\000A\000g\000e\000n\000t\000\040\000D\000e\000p\000l\000o\000y\000m\000e\000n\000t\000\040\000a\000n\000d\000\040\000L\000o\000g\000\040\000S\000h\000i\000p\000p\000i\000n\000g}{chapter.9}% 95
\BOOKMARK [2][-]{subsection.9.11.1}{\376\377\000A\000g\000e\000n\000t\000\040\000E\000n\000r\000o\000l\000l\000m\000e\000n\000t\000\040\000S\000c\000r\000i\000p\000t}{section.9.11}% 96
\BOOKMARK [1][-]{section.9.12}{\376\377\000O\000p\000e\000n\000S\000e\000a\000r\000c\000h\000\040\000D\000a\000t\000a\000\040\000I\000n\000d\000e\000x\000i\000n\000g\000\040\000a\000n\000d\000\040\000A\000g\000g\000r\000e\000g\000a\000t\000i\000o\000n}{chapter.9}% 97
\BOOKMARK [2][-]{subsection.9.12.1}{\376\377\000F\000i\000l\000e\000b\000e\000a\000t\000\040\000L\000o\000g\000\040\000S\000h\000i\000p\000p\000i\000n\000g}{section.9.12}% 98
\BOOKMARK [2][-]{subsection.9.12.2}{\376\377\000D\000o\000c\000u\000m\000e\000n\000t\000\040\000M\000a\000p\000p\000i\000n\000g\000\040\000a\000n\000d\000\040\000J\000S\000O\000N\000\040\000S\000t\000r\000u\000c\000t\000u\000r\000e}{section.9.12}% 99
\BOOKMARK [0][-]{chapter.10}{\376\377\000S\000y\000s\000t\000e\000m\000\040\000P\000r\000o\000v\000i\000s\000i\000o\000n\000i\000n\000g\000\040\000\046\000\040\000D\000e\000p\000l\000o\000y\000m\000e\000n\000t}{}% 100
\BOOKMARK [1][-]{section.10.1}{\376\377\000C\000o\000n\000t\000a\000i\000n\000e\000r\000\040\000O\000r\000c\000h\000e\000s\000t\000r\000a\000t\000i\000o\000n\000\040\000\050\000d\000o\000c\000k\000e\000r\000-\000c\000o\000m\000p\000o\000s\000e\000.\000y\000m\000l\000\051}{chapter.10}% 101
\BOOKMARK [1][-]{section.10.2}{\376\377\000H\000o\000s\000t\000\040\000F\000i\000r\000e\000w\000a\000l\000l\000\040\000B\000a\000s\000e\000l\000i\000n\000e\000\040\000P\000r\000o\000v\000i\000s\000i\000o\000n\000i\000n\000g}{chapter.10}% 102
\BOOKMARK [0][-]{chapter.11}{\376\377\000S\000o\000f\000t\000w\000a\000r\000e\000\040\000T\000e\000s\000t\000i\000n\000g\000\040\000\046\000\040\000Q\000u\000a\000l\000i\000t\000y\000\040\000A\000s\000s\000u\000r\000a\000n\000c\000e}{}% 103
\BOOKMARK [1][-]{section.11.1}{\376\377\000T\000e\000s\000t\000i\000n\000g\000\040\000S\000t\000r\000a\000t\000e\000g\000y}{chapter.11}% 104
\BOOKMARK [1][-]{section.11.2}{\376\377\000U\000n\000i\000t\000\040\000T\000e\000s\000t\000i\000n\000g}{chapter.11}% 105
\BOOKMARK [1][-]{section.11.3}{\376\377\000I\000n\000t\000e\000g\000r\000a\000t\000i\000o\000n\000\040\000T\000e\000s\000t\000i\000n\000g}{chapter.11}% 106
\BOOKMARK [1][-]{section.11.4}{\376\377\000S\000y\000s\000t\000e\000m\000\040\000T\000e\000s\000t\000i\000n\000g}{chapter.11}% 107
\BOOKMARK [0][-]{chapter.12}{\376\377\000R\000e\000s\000u\000l\000t\000s\000\040\000\046\000\040\000A\000n\000a\000l\000y\000s\000i\000s}{}% 108
\BOOKMARK [1][-]{section.12.1}{\376\377\000O\000f\000f\000l\000i\000n\000e\000\040\000B\000e\000n\000c\000h\000m\000a\000r\000k\000:\000\040\000S\000t\000a\000t\000i\000s\000t\000i\000c\000a\000l\000\040\000v\000s\000.\000\040\000M\000L\000\040\000D\000e\000t\000e\000c\000t\000i\000o\000n}{chapter.12}% 109
\BOOKMARK [1][-]{section.12.2}{\376\377\000P\000e\000r\000f\000o\000r\000m\000a\000n\000c\000e\000\040\000M\000e\000t\000r\000i\000c\000s\000\040\000S\000u\000m\000m\000a\000r\000y}{chapter.12}% 110
\BOOKMARK [2][-]{subsection.12.2.1}{\376\377\000L\000i\000v\000e\000\040\000E\000d\000g\000e\000\040\000T\000e\000l\000e\000m\000e\000t\000r\000y\000\040\000V\000a\000l\000i\000d\000a\000t\000i\000o\000n\000\040\000\050\000S\000a\000n\000d\000b\000o\000x\000e\000d\000\040\000P\000o\000C\000\051}{section.12.2}% 111
\BOOKMARK [1][-]{section.12.3}{\376\377\000L\000i\000v\000e\000\040\000A\000t\000t\000a\000c\000k\000\040\000S\000i\000m\000u\000l\000a\000t\000i\000o\000n\000\040\000A\000n\000a\000l\000y\000s\000i\000s}{chapter.12}% 112
\BOOKMARK [1][-]{section.12.4}{\376\377\000H\000a\000r\000d\000w\000a\000r\000e\000\040\000R\000e\000s\000o\000u\000r\000c\000e\000\040\000U\000t\000i\000l\000i\000z\000a\000t\000i\000o\000n\000\040\000P\000r\000o\000f\000i\000l\000i\000n\000g}{chapter.12}% 113
\BOOKMARK [2][-]{subsection.12.4.1}{\376\377\000A\000l\000g\000o\000r\000i\000t\000h\000m\000i\000c\000\040\000C\000o\000m\000p\000l\000e\000x\000i\000t\000y\000\040\000V\000a\000l\000i\000d\000a\000t\000i\000o\000n}{section.12.4}% 114
\BOOKMARK [0][-]{chapter.13}{\376\377\000C\000h\000a\000l\000l\000e\000n\000g\000e\000s\000\040\000F\000a\000c\000e\000d\000\040\000\046\000\040\000S\000o\000l\000u\000t\000i\000o\000n\000s\000\040\000I\000m\000p\000l\000e\000m\000e\000n\000t\000e\000d}{}% 115
\BOOKMARK [1][-]{section.13.1}{\376\377\000D\000o\000c\000k\000e\000r\000\040\000E\000p\000h\000e\000m\000e\000r\000a\000l\000i\000t\000y\000\040\000a\000n\000d\000\040\000C\000o\000n\000f\000i\000g\000u\000r\000a\000t\000i\000o\000n\000\040\000A\000m\000n\000e\000s\000i\000a}{chapter.13}% 116
\BOOKMARK [1][-]{section.13.2}{\376\377\000T\000h\000e\000\040\000O\000p\000e\000n\000S\000e\000a\000r\000c\000h\000\040\000T\000i\000m\000e\000s\000t\000a\000m\000p\000\040\000I\000n\000d\000e\000x\000i\000n\000g\000\040\000B\000u\000g}{chapter.13}% 117
\BOOKMARK [1][-]{section.13.3}{\376\377\000T\000u\000n\000i\000n\000g\000\040\000t\000h\000e\000\040\000A\000I\000\040\000C\000o\000n\000t\000a\000m\000i\000n\000a\000t\000i\000o\000n\000\040\000P\000a\000r\000a\000m\000e\000t\000e\000r}{chapter.13}% 118
\BOOKMARK [0][-]{chapter.14}{\376\377\000S\000e\000c\000u\000r\000i\000t\000y\000\040\000E\000v\000a\000l\000u\000a\000t\000i\000o\000n}{}% 119
\BOOKMARK [1][-]{section.14.1}{\376\377\000T\000e\000s\000t\000\040\000E\000n\000v\000i\000r\000o\000n\000m\000e\000n\000t}{chapter.14}% 120
\BOOKMARK [1][-]{section.14.2}{\376\377\000A\000t\000t\000a\000c\000k\000\040\000S\000c\000e\000n\000a\000r\000i\000o\000s}{chapter.14}% 121
\BOOKMARK [2][-]{subsection.14.2.1}{\376\377\000S\000S\000H\000\040\000B\000r\000u\000t\000e\000\040\000F\000o\000r\000c\000e\000\040\000A\000t\000t\000a\000c\000k}{section.14.2}% 122
\BOOKMARK [2][-]{subsection.14.2.2}{\376\377\000L\000o\000w\000\040\000a\000n\000d\000\040\000S\000l\000o\000w\000\040\000A\000t\000t\000a\000c\000k}{section.14.2}% 123
\BOOKMARK [2][-]{subsection.14.2.3}{\376\377\000V\000o\000l\000u\000m\000e\000t\000r\000i\000c\000\040\000T\000r\000a\000f\000f\000i\000c\000\040\000S\000p\000i\000k\000e}{section.14.2}% 124
\BOOKMARK [2][-]{subsection.14.2.4}{\376\377\000C\000h\000r\000o\000n\000o\000l\000o\000g\000i\000c\000a\000l\000\040\000A\000t\000t\000a\000c\000k\000\040\000S\000i\000m\000u\000l\000a\000t\000i\000o\000n\000\040\000N\000a\000r\000r\000a\000t\000i\000v\000e\000:\000\040\000D\000i\000s\000t\000r\000i\000b\000u\000t\000e\000d\000\040\000B\000r\000u\000t\000e\000\040\000F\000o\000r\000c\000e}{section.14.2}% 125
\BOOKMARK [1][-]{section.14.3}{\376\377\000P\000e\000r\000f\000o\000r\000m\000a\000n\000c\000e\000\040\000A\000n\000a\000l\000y\000s\000i\000s}{chapter.14}% 126
\BOOKMARK [0][-]{chapter.15}{\376\377\000C\000o\000n\000c\000l\000u\000s\000i\000o\000n\000\040\000\046\000\040\000F\000u\000t\000u\000r\000e\000\040\000S\000c\000o\000p\000e}{}% 127
\BOOKMARK [1][-]{section.15.1}{\376\377\000C\000o\000n\000c\000l\000u\000s\000i\000o\000n}{chapter.15}% 128
\BOOKMARK [1][-]{section.15.2}{\376\377\000F\000u\000t\000u\000r\000e\000\040\000S\000c\000o\000p\000e\000\040\000a\000n\000d\000\040\000E\000n\000t\000e\000r\000p\000r\000i\000s\000e\000\040\000S\000c\000a\000l\000a\000b\000i\000l\000i\000t\000y}{chapter.15}% 129
\BOOKMARK [0][-]{chapter*.7}{\376\377\000R\000e\000f\000e\000r\000e\000n\000c\000e\000s}{}% 130
\BOOKMARK [0][-]{chapter*.8}{\376\377\000A\000p\000p\000e\000n\000d\000i\000x}{}% 131
